mode: set
github.com/collabcode/execution-service/internal/repository/repository.go:15.51,17.2 1 0
github.com/collabcode/execution-service/internal/repository/repository.go:20.52,23.2 2 0
github.com/collabcode/execution-service/internal/handler/handler.go:17.50,19.2 1 0
github.com/collabcode/execution-service/internal/handler/handler.go:22.54,24.2 1 0
github.com/collabcode/execution-service/internal/handler/health.go:10.66,19.2 2 0
github.com/collabcode/execution-service/cmd/server/main.go:14.13,23.63 7 0
github.com/collabcode/execution-service/cmd/server/main.go:23.63,25.3 1 0
github.com/collabcode/execution-service/internal/config/config.go:18.20,29.2 1 0
github.com/collabcode/execution-service/internal/config/config.go:31.49,32.40 1 0
github.com/collabcode/execution-service/internal/config/config.go:32.40,34.3 1 0
github.com/collabcode/execution-service/internal/config/config.go:35.2,35.17 1 0
github.com/collabcode/execution-service/internal/service/service.go:16.62,18.2 1 0
github.com/collabcode/execution-service/internal/service/service.go:21.74,23.2 1 0
github.com/collabcode/execution-service/internal/sandbox/runner.go:17.104,21.20 4 0
github.com/collabcode/execution-service/internal/sandbox/runner.go:21.20,23.3 1 0
github.com/collabcode/execution-service/internal/sandbox/runner.go:25.2,30.8 1 0
github.com/collabcode/execution-service/internal/middleware/logging.go:10.46,11.71 1 0
github.com/collabcode/execution-service/internal/middleware/logging.go:11.71,15.3 3 0
github.com/collabcode/execution-service/internal/middleware/recovery.go:6.47,7.71 1 0
github.com/collabcode/execution-service/internal/middleware/recovery.go:7.71,8.16 1 0
github.com/collabcode/execution-service/internal/middleware/recovery.go:8.16,9.24 1 0
github.com/collabcode/execution-service/internal/middleware/recovery.go:9.24,11.5 1 0
github.com/collabcode/execution-service/internal/middleware/recovery.go:13.3,13.23 1 0
github.com/collabcode/execution-service/cmd/healthcheck/main.go:9.13,11.16 2 0
github.com/collabcode/execution-service/cmd/healthcheck/main.go:11.16,13.3 1 0
github.com/collabcode/execution-service/cmd/healthcheck/main.go:15.2,16.42 2 0
github.com/collabcode/execution-service/cmd/healthcheck/main.go:16.42,18.3 1 0
github.com/collabcode/execution-service/cmd/healthcheck/main.go:19.2,19.12 1 0
github.com/collabcode/execution-service/tests/unit/unit.go:9.38,10.75 1 0
github.com/collabcode/execution-service/tests/unit/unit.go:10.75,13.3 2 0
github.com/collabcode/execution-service/tests/unit/unit.go:15.2,20.31 4 0
github.com/collabcode/execution-service/tests/unit/unit.go:20.31,22.3 1 0
